
=== Sun Jun 27 21:08:09 2021

Packages were changed.
Update Mode: mergeDefaultDependencies

The following packages were added:
  com.unity.collab-proxy@1.3.9
  com.unity.ide.visualstudio@2.0.5
  com.unity.modules.ai@1.0.0
  com.unity.modules.cloth@1.0.0
  com.unity.modules.director@1.0.0
  com.unity.modules.physics@1.0.0
  com.unity.modules.terrain@1.0.0
  com.unity.modules.terrainphysics@1.0.0
  com.unity.modules.umbra@1.0.0
  com.unity.modules.vehicles@1.0.0
  com.unity.modules.vr@1.0.0
  com.unity.modules.wind@1.0.0
  com.unity.modules.xr@1.0.0
  com.unity.timeline@1.3.6
The following packages were updated:
  com.unity.2d.animation from version 3.2.6 to 4.2.6
  com.unity.2d.pixel-perfect from version 2.0.4 to 3.0.2
  com.unity.2d.psdimporter from version 2.1.6 to 3.1.6
  com.unity.2d.spriteshape from version 3.0.14 to 4.1.4
  com.unity.ide.rider from version 1.1.4 to 1.2.1
  com.unity.mobile.notifications from version 1.0.3 to 1.3.2
  com.unity.textmeshpro from version 2.1.3 to 3.0.1

=== Sun Jul 18 13:42:53 2021

Packages were changed.
Update Mode: mergeDefaultDependencies

The following packages were added:
  com.unity.2d.ik@3.0.2-preview.3
  com.unity.cinemachine@2.6.3
  com.unity.inputsystem@1.0.2
The following packages were updated:
  com.unity.2d.animation from version 4.2.6 to 4.2.8
  com.unity.2d.psdimporter from version 3.1.6 to 3.1.7
  com.unity.2d.spriteshape from version 4.1.4 to 4.1.5
  com.unity.test-framework from version 1.1.20 to 1.1.22
  com.unity.textmeshpro from version 3.0.1 to 3.0.3
  com.unity.timeline from version 1.3.6 to 1.3.7

=== Wed Aug  4 08:38:09 2021

Packages were changed.
Update Mode: mergeDefaultDependencies

The following packages were added:
  com.unity.visualscripting@1.6.1
The following packages were updated:
  com.unity.collab-proxy from version 1.3.9 to 1.5.7
  com.unity.ide.rider from version 1.2.1 to 3.0.7
  com.unity.ide.visualstudio from version 2.0.5 to 2.0.9
  com.unity.inputsystem from version 1.0.2 to 1.1.0-pre.5
  com.unity.test-framework from version 1.1.22 to 1.1.24
  com.unity.textmeshpro from version 3.0.3 to 3.0.6
  com.unity.timeline from version 1.3.7 to 1.5.5
